\BOOKMARK [0][-]{chapter.1}{Introduction}{}% 1
\BOOKMARK [0][-]{chapter.2}{Rappel du contexte}{}% 2
\BOOKMARK [1][-]{section.2.1}{Les acteurs du projet}{chapter.2}% 3
\BOOKMARK [1][-]{section.2.2}{Le pr\351rim\350tre fonctionnel}{chapter.2}% 4
\BOOKMARK [1][-]{section.2.3}{Les \351l\351ments en entr\351e}{chapter.2}% 5
\BOOKMARK [1][-]{section.2.4}{Le p\351rim\350tre de qualification}{chapter.2}% 6
\BOOKMARK [1][-]{section.2.5}{Le calendrier}{chapter.2}% 7
\BOOKMARK [1][-]{section.2.6}{Analyse des risques}{chapter.2}% 8
\BOOKMARK [0][-]{chapter.3}{Organisation : la gestion de projet}{}% 9
\BOOKMARK [1][-]{section.3.1}{D\351coupage du projet}{chapter.3}% 10
\BOOKMARK [1][-]{section.3.2}{Cycle de production}{chapter.3}% 11
\BOOKMARK [1][-]{section.3.3}{Mode de pilotage}{chapter.3}% 12
\BOOKMARK [0][-]{chapter.4}{L'estimation}{}% 13
\BOOKMARK [1][-]{section.4.1}{Estimation de la partie analyse}{chapter.4}% 14
\BOOKMARK [1][-]{section.4.2}{Estimation de la partie d\351veloppement}{chapter.4}% 15
\BOOKMARK [0][-]{chapter.5}{Planification : \340 partir de Microsoft Project}{}% 16
\BOOKMARK [1][-]{section.5.1}{Hi\351rarchie des t\342ches}{chapter.5}% 17
\BOOKMARK [1][-]{section.5.2}{Affectation des ressources par t\342che}{chapter.5}% 18
\BOOKMARK [1][-]{section.5.3}{Jalons}{chapter.5}% 19
\BOOKMARK [1][-]{section.5.4}{Diagramme de Gantt}{chapter.5}% 20
\BOOKMARK [0][-]{chapter.6}{Conclusion}{}% 21
